[2023-12-23T11:16:10.101Z] Validating found git in: git
[2023-12-23T11:16:10.152Z] Using git 2.40.1 from git
[2023-12-23T11:16:10.280Z] > git rev-parse --git-dir [1ms]
[2023-12-23T11:16:10.286Z] Open repository: /home/ec2-user/reactjs-demo
[2023-12-23T11:16:10.332Z] > git symbolic-ref --short HEAD [3ms]
[2023-12-23T11:16:10.341Z] > git for-each-ref --format=%(refname)%00%(upstream:short)%00%(objectname)%00%(upstream:track) refs/heads/master refs/remotes/master [6ms]
[2023-12-23T11:16:10.355Z] > git for-each-ref --sort -committerdate --format %(refname) %(objectname) %(*objectname) [7ms]
[2023-12-23T11:16:10.356Z] > git remote --verbose [3ms]
[2023-12-23T11:16:10.366Z] > git config --get commit.template [3ms]
[2023-12-23T11:16:17.074Z] > git ls-files --stage -- /home/ec2-user/reactjs-demo/Dockerfile [158ms]
[2023-12-23T11:16:34.876Z] > git symbolic-ref --short HEAD [2ms]
[2023-12-23T11:16:34.882Z] > git for-each-ref --format=%(refname)%00%(upstream:short)%00%(objectname)%00%(upstream:track) refs/heads/master refs/remotes/master [2ms]
[2023-12-23T11:16:34.892Z] > git remote --verbose [1ms]
[2023-12-23T11:16:34.893Z] > git for-each-ref --sort -committerdate --format %(refname) %(objectname) %(*objectname) [6ms]
[2023-12-23T11:16:34.904Z] > git config --get commit.template [2ms]
[2023-12-23T11:16:58.056Z] > git ls-files --stage -- /home/ec2-user/reactjs-demo/Dockerfile [3ms]
[2023-12-23T11:16:58.293Z] > git symbolic-ref --short HEAD [3ms]
[2023-12-23T11:16:58.299Z] > git for-each-ref --format=%(refname)%00%(upstream:short)%00%(objectname)%00%(upstream:track) refs/heads/master refs/remotes/master [2ms]
[2023-12-23T11:16:58.309Z] > git for-each-ref --sort -committerdate --format %(refname) %(objectname) %(*objectname) [5ms]
[2023-12-23T11:16:58.310Z] > git remote --verbose [2ms]
[2023-12-23T11:16:58.317Z] > git config --get commit.template [1ms]
[2023-12-23T11:19:11.558Z] > git symbolic-ref --short HEAD [1ms]
[2023-12-23T11:19:11.564Z] > git for-each-ref --format=%(refname)%00%(upstream:short)%00%(objectname)%00%(upstream:track) refs/heads/master refs/remotes/master [1ms]
[2023-12-23T11:19:11.574Z] > git for-each-ref --sort -committerdate --format %(refname) %(objectname) %(*objectname) [6ms]
[2023-12-23T11:19:11.574Z] > git remote --verbose [1ms]
[2023-12-23T11:19:11.582Z] > git config --get commit.template [1ms]
[2023-12-23T11:21:29.338Z] > git symbolic-ref --short HEAD [4ms]
[2023-12-23T11:21:29.356Z] > git for-each-ref --format=%(refname)%00%(upstream:short)%00%(objectname)%00%(upstream:track) refs/heads/master refs/remotes/master [5ms]
[2023-12-23T11:21:29.385Z] > git for-each-ref --sort -committerdate --format %(refname) %(objectname) %(*objectname) [17ms]
[2023-12-23T11:21:29.387Z] > git remote --verbose [9ms]
[2023-12-23T11:21:29.407Z] > git config --get commit.template [2ms]
[2023-12-23T12:00:28.026Z] > git symbolic-ref --short HEAD [8ms]
[2023-12-23T12:00:28.039Z] > git for-each-ref --format=%(refname)%00%(upstream:short)%00%(objectname)%00%(upstream:track) refs/heads/master refs/remotes/master [2ms]
[2023-12-23T12:00:28.054Z] > git for-each-ref --sort -committerdate --format %(refname) %(objectname) %(*objectname) [9ms]
[2023-12-23T12:00:28.054Z] > git remote --verbose [3ms]
[2023-12-23T12:00:28.065Z] > git config --get commit.template [2ms]
[2023-12-23T12:15:31.485Z] > git symbolic-ref --short HEAD [2ms]
[2023-12-23T12:15:31.496Z] > git for-each-ref --format=%(refname)%00%(upstream:short)%00%(objectname)%00%(upstream:track) refs/heads/master refs/remotes/master [2ms]
[2023-12-23T12:15:31.509Z] > git for-each-ref --sort -committerdate --format %(refname) %(objectname) %(*objectname) [8ms]
[2023-12-23T12:15:31.509Z] > git remote --verbose [2ms]
[2023-12-23T12:15:31.518Z] > git config --get commit.template [1ms]
